2025-06-26 19:19:01,639 - SVM - INFO - ===== 学业困难学生识别 - SVM模型 =====
2025-06-26 19:19:01,639 - SVM - INFO - 加载预处理数据...
2025-06-26 19:19:01,788 - SVM - INFO - 数据加载成功，形状: (31482, 62)
2025-06-26 19:19:01,788 - SVM - INFO - 准备特征和目标变量...
2025-06-26 19:19:01,796 - SVM - INFO - 学业困难学生比例: 53.45% (16827/31482)
2025-06-26 19:19:01,796 - SVM - INFO - 划分训练集和测试集 (80:20)...
2025-06-26 19:19:01,821 - SVM - INFO - 训练集: 25185 样本
2025-06-26 19:19:01,821 - SVM - INFO - 测试集: 6297 样本
2025-06-26 19:19:01,825 - SVM - INFO - 创建预处理和建模管道...
2025-06-26 19:19:01,825 - SVM - INFO - 开始网格搜索优化超参数...
2025-06-26 19:34:43,126 - SVM - INFO - 网格搜索完成!
2025-06-26 19:34:43,147 - SVM - INFO - 最佳参数: {'classifier__C': 10, 'classifier__gamma': 'scale', 'classifier__kernel': 'rbf'}
2025-06-26 19:34:43,147 - SVM - INFO - 最佳交叉验证F1分数: 0.9499
2025-06-26 19:34:43,154 - SVM - INFO - 模型已保存至: ../outputs/SVM\svm_model.pkl
2025-06-26 19:34:43,154 - SVM - INFO - 评估模型性能...
2025-06-26 19:34:49,478 - SVM - INFO - 评估完成，耗时: 6.32秒
2025-06-26 19:34:49,478 - SVM - INFO - 
==================== 模型性能指标 ====================
2025-06-26 19:34:49,478 - SVM - INFO - 准确率 (Accuracy): 0.9616
2025-06-26 19:34:49,478 - SVM - INFO - 精确率 (Precision): 0.9762
2025-06-26 19:34:49,478 - SVM - INFO - 召回率 (Recall): 0.9513
2025-06-26 19:34:49,478 - SVM - INFO - F1分数 (F1-Score): 0.9636
2025-06-26 19:34:49,478 - SVM - INFO - ROC AUC分数: 0.9898
2025-06-26 19:34:49,478 - SVM - INFO - 
==================== 混淆矩阵 ====================
2025-06-26 19:34:49,478 - SVM - INFO - 
[[2853   78]
 [ 164 3202]]
2025-06-26 19:34:49,478 - SVM - INFO - 
==================== 分类报告 ====================
2025-06-26 19:34:49,478 - SVM - INFO - 
              precision    recall  f1-score   support

        正常学生       0.95      0.97      0.96      2931
      学业困难学生       0.98      0.95      0.96      3366

    accuracy                           0.96      6297
   macro avg       0.96      0.96      0.96      6297
weighted avg       0.96      0.96      0.96      6297

2025-06-26 19:34:49,485 - SVM - INFO - 评估指标已保存至: ../outputs/SVM\metrics.csv
2025-06-26 19:34:49,485 - SVM - INFO - 使用SHAP进行特征解释分析...
2025-06-26 19:34:49,501 - SVM - INFO - 初始化SHAP解释器...
2025-06-26 19:34:49,625 - SVM - INFO - 计算 300 个样本的SHAP值...
