2025-07-03 15:13:36,176 - INFO - ===== 学业困难学生识别 - 神经网络模型 =====
2025-07-03 15:13:36,177 - INFO - 加载预处理数据...
2025-07-03 15:13:36,303 - INFO - 数据加载成功，形状: (31482, 62)
2025-07-03 15:13:36,303 - INFO - 训练时已去除final_result列，防止信息泄露。
2025-07-03 15:13:36,308 - INFO - 学业困难学生比例: 53.45% (16827/31482)
2025-07-03 15:13:36,308 - INFO - 划分训练集和测试集 (80:20)...
2025-07-03 15:13:36,325 - INFO - 训练集: 25185 样本
2025-07-03 15:13:36,325 - INFO - 测试集: 6297 样本
2025-07-03 15:13:36,358 - INFO - 训练神经网络模型（MLPClassifier）...
2025-07-03 15:13:40,018 - INFO - 模型已保存至: ../Outputs/NeuralNetwork\neural_network_model.pkl
2025-07-03 15:13:40,018 - INFO - 评估模型性能...
2025-07-03 15:13:40,248 - INFO - 评估完成，耗时: 0.23秒
2025-07-03 15:13:40,248 - INFO - 
==================== 模型性能指标 ====================
2025-07-03 15:13:40,248 - INFO - 准确率 (Accuracy): 0.9034
2025-07-03 15:13:40,249 - INFO - 精确率 (Precision): 0.9406
2025-07-03 15:13:40,249 - INFO - 召回率 (Recall): 0.8746
2025-07-03 15:13:40,249 - INFO - F1分数 (F1-Score): 0.9064
2025-07-03 15:13:40,249 - INFO - ROC AUC分数: 0.9596
2025-07-03 15:13:40,249 - INFO - 
==================== 混淆矩阵 ====================
2025-07-03 15:13:40,249 - INFO - 
[[2745  186]
 [ 422 2944]]
2025-07-03 15:13:40,249 - INFO - 
==================== 分类报告 ====================
2025-07-03 15:13:40,249 - INFO - 
              precision    recall  f1-score   support

        正常学生       0.87      0.94      0.90      2931
      学业困难学生       0.94      0.87      0.91      3366

    accuracy                           0.90      6297
   macro avg       0.90      0.91      0.90      6297
weighted avg       0.91      0.90      0.90      6297

2025-07-03 15:13:40,252 - INFO - 评估指标已保存至: ../Outputs/NeuralNetwork\metrics.csv
2025-07-03 15:13:40,252 - INFO - 绘制ROC曲线...
2025-07-03 15:13:40,422 - INFO - ROC曲线已保存至: ../Outputs/NeuralNetwork\roc_curve.png
2025-07-03 15:13:40,422 - INFO - 
===== 神经网络模型总结 =====
2025-07-03 15:13:40,422 - INFO - 学业困难学生识别率 (召回率): 87.46%
2025-07-03 15:13:40,423 - INFO - 模型准确率: 90.34%
2025-07-03 15:13:40,423 - INFO - F1分数: 0.9064
2025-07-03 15:13:40,423 - INFO - ROC AUC: 0.9596
2025-07-03 15:13:40,423 - INFO - 学业困难学生识别任务完成!
